<?xml version="1.0" encoding="UTF-8" standalone="yes"?>
<ns2:test-suite start="1672692827964" stop="1672692986028" version="1.5.4" xmlns:ns2="urn:model.allure.qatools.yandex.ru">
    <name>Test suite Name : com.org.home.Links</name>
    <title>Test suite Name : com.org.home.Links</title>
    <test-cases>
        <test-case start="1672692835319" stop="1672692905820" status="broken">
            <name>Application_Login</name>
            <description>Log into the application</description>
            <failure>
                <message>TimeoutException: Expected condition failed: waiting for visibility of element located by By.xpath: (//span[@data-property='ACT_HEY_USER'])[1] (tried for 30 second(s) with 500 milliseconds interval)</message>
                <stack-trace>org.openqa.selenium.TimeoutException: Expected condition failed: waiting for visibility of element located by By.xpath: (//span[@data-property='ACT_HEY_USER'])[1] (tried for 30 second(s) with 500 milliseconds interval)&#13;
	at org.openqa.selenium.support.ui.WebDriverWait.timeoutException(WebDriverWait.java:95)&#13;
	at org.openqa.selenium.support.ui.FluentWait.until(FluentWait.java:272)&#13;
	at com.org.CoreUtils.CommonUserActions.waitForVisibilityOfElement(CommonUserActions.java:557)&#13;
	at com.org.pages.Home.loginToApp(Home.java:46)&#13;
	at com.org.home.Links.Application_Login(Links.java:19)&#13;
	at sun.reflect.NativeMethodAccessorImpl.invoke0(Native Method)&#13;
	at sun.reflect.NativeMethodAccessorImpl.invoke(Unknown Source)&#13;
	at sun.reflect.DelegatingMethodAccessorImpl.invoke(Unknown Source)&#13;
	at java.lang.reflect.Method.invoke(Unknown Source)&#13;
	at org.testng.internal.MethodInvocationHelper.invokeMethod(MethodInvocationHelper.java:133)&#13;
	at org.testng.internal.TestInvoker.invokeMethod(TestInvoker.java:598)&#13;
	at org.testng.internal.TestInvoker.invokeTestMethod(TestInvoker.java:173)&#13;
	at org.testng.internal.MethodRunner.runInSequence(MethodRunner.java:46)&#13;
	at org.testng.internal.TestInvoker$MethodInvocationAgent.invoke(TestInvoker.java:824)&#13;
	at org.testng.internal.TestInvoker.invokeTestMethods(TestInvoker.java:146)&#13;
	at org.testng.internal.TestMethodWorker.invokeTestMethods(TestMethodWorker.java:146)&#13;
	at org.testng.internal.TestMethodWorker.run(TestMethodWorker.java:128)&#13;
	at java.util.ArrayList.forEach(Unknown Source)&#13;
	at org.testng.TestRunner.privateRun(TestRunner.java:794)&#13;
	at org.testng.TestRunner.run(TestRunner.java:596)&#13;
	at org.testng.SuiteRunner.runTest(SuiteRunner.java:377)&#13;
	at org.testng.SuiteRunner.runSequentially(SuiteRunner.java:371)&#13;
	at org.testng.SuiteRunner.privateRun(SuiteRunner.java:332)&#13;
	at org.testng.SuiteRunner.run(SuiteRunner.java:276)&#13;
	at org.testng.SuiteRunnerWorker.runSuite(SuiteRunnerWorker.java:53)&#13;
	at org.testng.SuiteRunnerWorker.run(SuiteRunnerWorker.java:96)&#13;
	at org.testng.TestNG.runSuitesSequentially(TestNG.java:1212)&#13;
	at org.testng.TestNG.runSuitesLocally(TestNG.java:1134)&#13;
	at org.testng.TestNG.runSuites(TestNG.java:1063)&#13;
	at org.testng.TestNG.run(TestNG.java:1031)&#13;
	at org.testng.remote.AbstractRemoteTestNG.run(AbstractRemoteTestNG.java:115)&#13;
	at org.testng.remote.RemoteTestNG.initAndRun(RemoteTestNG.java:251)&#13;
	at org.testng.remote.RemoteTestNG.main(RemoteTestNG.java:77)&#13;
Caused by: org.openqa.selenium.NoSuchElementException: no such element: Unable to locate element: {"method":"xpath","selector":"(//span[@data-property='ACT_HEY_USER'])[1]"}
  (Session info: chrome=108.0.5359.125)
For documentation on this error, please visit: https://www.seleniumhq.org/exceptions/no_such_element.html
Build info: version: '3.141.59', revision: 'e82be7d358', time: '2018-11-14T08:17:03'
System info: host: 'SUNIL', ip: '192.168.1.4', os.name: 'Windows 10', os.arch: 'amd64', os.version: '10.0', java.version: '1.8.0_202'
Driver info: org.openqa.selenium.chrome.ChromeDriver
Capabilities {acceptInsecureCerts: false, browserName: chrome, browserVersion: 108.0.5359.125, chrome: {chromedriverVersion: 108.0.5359.71 (1e0e3868ee06..., userDataDir: C:\Users\sunil\AppData\Loca...}, goog:chromeOptions: {debuggerAddress: localhost:57599}, javascriptEnabled: true, networkConnectionEnabled: false, pageLoadStrategy: normal, platform: WINDOWS, platformName: WINDOWS, proxy: Proxy(), setWindowRect: true, strictFileInteractability: false, timeouts: {implicit: 0, pageLoad: 300000, script: 30000}, unhandledPromptBehavior: dismiss and notify, webauthn:extension:credBlob: true, webauthn:extension:largeBlob: true, webauthn:virtualAuthenticators: true}
Session ID: e0addd8a4f7af94eeee171f0a2f373f1
*** Element info: {Using=xpath, value=(//span[@data-property='ACT_HEY_USER'])[1]}&#13;
	at sun.reflect.NativeConstructorAccessorImpl.newInstance0(Native Method)&#13;
	at sun.reflect.NativeConstructorAccessorImpl.newInstance(Unknown Source)&#13;
	at sun.reflect.DelegatingConstructorAccessorImpl.newInstance(Unknown Source)&#13;
	at java.lang.reflect.Constructor.newInstance(Unknown Source)&#13;
	at org.openqa.selenium.remote.http.W3CHttpResponseCodec.createException(W3CHttpResponseCodec.java:187)&#13;
	at org.openqa.selenium.remote.http.W3CHttpResponseCodec.decode(W3CHttpResponseCodec.java:122)&#13;
	at org.openqa.selenium.remote.http.W3CHttpResponseCodec.decode(W3CHttpResponseCodec.java:49)&#13;
	at org.openqa.selenium.remote.HttpCommandExecutor.execute(HttpCommandExecutor.java:158)&#13;
	at org.openqa.selenium.remote.service.DriverCommandExecutor.execute(DriverCommandExecutor.java:83)&#13;
	at org.openqa.selenium.remote.RemoteWebDriver.execute(RemoteWebDriver.java:552)&#13;
	at org.openqa.selenium.remote.RemoteWebDriver.findElement(RemoteWebDriver.java:323)&#13;
	at org.openqa.selenium.remote.RemoteWebDriver.findElementByXPath(RemoteWebDriver.java:428)&#13;
	at org.openqa.selenium.By$ByXPath.findElement(By.java:353)&#13;
	at org.openqa.selenium.remote.RemoteWebDriver.findElement(RemoteWebDriver.java:315)&#13;
	at com.org.driver.BaseWebDriver.findElement(BaseWebDriver.java:72)&#13;
	at org.openqa.selenium.support.ui.ExpectedConditions$7.apply(ExpectedConditions.java:205)&#13;
	at org.openqa.selenium.support.ui.ExpectedConditions$7.apply(ExpectedConditions.java:201)&#13;
	at org.openqa.selenium.support.ui.FluentWait.until(FluentWait.java:249)&#13;
	... 31 more&#13;
</stack-trace>
            </failure>
            <steps/>
            <attachments/>
            <labels>
                <label name="testSuite" value="Test suite Name"/>
                <label name="testGroup" value="com.org.home.Links"/>
                <label name="testClass" value="com.org.home.Links"/>
                <label name="testMethod" value="Application_Login"/>
                <label name="host" value="sunil"/>
                <label name="thread" value="15928@sunil.main(1)"/>
            </labels>
        </test-case>
        <test-case start="1672692906368" stop="1672692913862" status="passed">
            <name>Test_Mens_Wear_Page</name>
            <description>Verify Mens Wear Page Navigation</description>
            <steps/>
            <attachments/>
            <labels>
                <label name="testSuite" value="Test suite Name"/>
                <label name="testGroup" value="com.org.home.Links"/>
                <label name="testClass" value="com.org.home.Links"/>
                <label name="testMethod" value="Test_Mens_Wear_Page"/>
                <label name="host" value="sunil"/>
                <label name="thread" value="15928@sunil.main(1)"/>
            </labels>
        </test-case>
        <test-case start="1672692913875" stop="1672692920312" status="passed">
            <name>Test_Womens_Wear_Page</name>
            <description>Verify Womens Wear Page Navigation</description>
            <steps/>
            <attachments/>
            <labels>
                <label name="testSuite" value="Test suite Name"/>
                <label name="testGroup" value="com.org.home.Links"/>
                <label name="testClass" value="com.org.home.Links"/>
                <label name="testMethod" value="Test_Womens_Wear_Page"/>
                <label name="host" value="sunil"/>
                <label name="thread" value="15928@sunil.main(1)"/>
            </labels>
        </test-case>
        <test-case start="1672692920322" stop="1672692952229" status="passed">
            <name>Add_An_Item_To_Cart</name>
            <description>add an itesm to the cart</description>
            <steps/>
            <attachments/>
            <labels>
                <label name="testSuite" value="Test suite Name"/>
                <label name="testGroup" value="com.org.home.Links"/>
                <label name="testClass" value="com.org.home.Links"/>
                <label name="testMethod" value="Add_An_Item_To_Cart"/>
                <label name="host" value="sunil"/>
                <label name="thread" value="15928@sunil.main(1)"/>
            </labels>
        </test-case>
        <test-case start="1672692952239" stop="1672692976326" status="passed">
            <name>Save_For_Later_Option</name>
            <description>Test “Save for Later” option </description>
            <steps/>
            <attachments/>
            <labels>
                <label name="testSuite" value="Test suite Name"/>
                <label name="testGroup" value="com.org.home.Links"/>
                <label name="testClass" value="com.org.home.Links"/>
                <label name="testMethod" value="Save_For_Later_Option"/>
                <label name="host" value="sunil"/>
                <label name="thread" value="15928@sunil.main(1)"/>
            </labels>
        </test-case>
        <test-case start="1672692976334" stop="1672692984955" status="passed">
            <name>Test_Kids_Wear_Page</name>
            <description>Verify Kids Wear Page Navigation</description>
            <steps/>
            <attachments/>
            <labels>
                <label name="testSuite" value="Test suite Name"/>
                <label name="testGroup" value="com.org.home.Links"/>
                <label name="testClass" value="com.org.home.Links"/>
                <label name="testMethod" value="Test_Kids_Wear_Page"/>
                <label name="host" value="sunil"/>
                <label name="thread" value="15928@sunil.main(1)"/>
            </labels>
        </test-case>
    </test-cases>
    <labels>
        <label name="framework" value="TestNG"/>
        <label name="language" value="JAVA"/>
    </labels>
</ns2:test-suite>
